pennyai/build/app/intermediates/manifest_merge_blame_file/debug/manifest-merger-blame-debug-report.txt
1<?xml version="1.0" encoding="utf-8"?>
2<manifest xmlns:android="http://schemas.android.com/apk/res/android"
3    package="com.example.pennyai"
4    android:versionCode="1"
5    android:versionName="1.0.0" >
6
7    <uses-sdk
8        android:minSdkVersion="23"
9        android:targetSdkVersion="35" />
10    <!--
11         The INTERNET permission is required for development. Specifically,
12         the Flutter tool needs it to communicate with the running application
13         to allow setting breakpoints, to provide hot reload, etc.
14    -->
15    <uses-permission android:name="android.permission.INTERNET" />
15-->src/debug/AndroidManifest.xml:6:5-66
15-->src/debug/AndroidManifest.xml:6:22-64
16    <!--
17     Required to query activities that can process text, see:
18         https://developer.android.com/training/package-visibility and
19         https://developer.android.com/reference/android/content/Intent#ACTION_PROCESS_TEXT.
20
21         In particular, this is used by the Flutter engine in io.flutter.plugin.text.ProcessTextPlugin.
22    -->
23    <queries>
23-->src/main/AndroidManifest.xml:39:5-44:15
24        <intent>
24-->src/main/AndroidManifest.xml:40:9-43:18
25            <action android:name="android.intent.action.PROCESS_TEXT" />
25-->src/main/AndroidManifest.xml:41:13-72
25-->src/main/AndroidManifest.xml:41:21-70
26
27            <data android:mimeType="text/plain" />
27-->src/main/AndroidManifest.xml:42:13-50
27-->src/main/AndroidManifest.xml:42:19-48
28        </intent>
29    </queries>
30
31    <uses-permission android:name="android.permission.RECORD_AUDIO" /> <!-- Create a unique permission for your app and use it so only your app can receive your OneSignal messages. -->
31-->[:record_android] AndroidManifest.xml:7:5-71
31-->[:record_android] AndroidManifest.xml:7:22-68
32    <permission
32-->[com.onesignal:notifications:5.1.29] AndroidManifest.xml:10:5-12:47
33        android:name="com.example.pennyai.permission.C2D_MESSAGE"
33-->[com.onesignal:notifications:5.1.29] AndroidManifest.xml:11:9-63
34        android:protectionLevel="signature" />
34-->[com.onesignal:notifications:5.1.29] AndroidManifest.xml:12:9-44
35
36    <uses-permission android:name="com.example.pennyai.permission.C2D_MESSAGE" /> <!-- Required runtime permission to display notifications on Android 13 -->
36-->[com.onesignal:notifications:5.1.29] AndroidManifest.xml:14:5-79
36-->[com.onesignal:notifications:5.1.29] AndroidManifest.xml:14:22-76
37    <uses-permission android:name="android.permission.POST_NOTIFICATIONS" /> <!-- Required, makes sure notifications are delivered on time. -->
37-->[com.onesignal:notifications:5.1.29] AndroidManifest.xml:17:5-77
37-->[com.onesignal:notifications:5.1.29] AndroidManifest.xml:17:22-74
38    <uses-permission android:name="android.permission.WAKE_LOCK" /> <!-- c2dm RECEIVE are basic requirements for push messages through Google's FCM -->
38-->[com.onesignal:notifications:5.1.29] AndroidManifest.xml:18:5-68
38-->[com.onesignal:notifications:5.1.29] AndroidManifest.xml:18:22-65
39    <uses-permission android:name="com.google.android.c2dm.permission.RECEIVE" />
39-->[com.onesignal:notifications:5.1.29] AndroidManifest.xml:19:5-82
39-->[com.onesignal:notifications:5.1.29] AndroidManifest.xml:19:22-79
40    <!--
41 Required so the device vibrates on receiving a push notification.
42         Vibration settings of the device still apply.
43    -->
44    <uses-permission android:name="android.permission.VIBRATE" />
44-->[com.onesignal:notifications:5.1.29] AndroidManifest.xml:24:5-66
44-->[com.onesignal:notifications:5.1.29] AndroidManifest.xml:24:22-63
45    <!--
46 Use to restore notifications the user hasn't interacted with.
47     They could be missed notifications if the user reboots their device if this isn't in place.
48    -->
49    <uses-permission android:name="android.permission.RECEIVE_BOOT_COMPLETED" /> <!-- START: ShortcutBadger -->
49-->[com.onesignal:notifications:5.1.29] AndroidManifest.xml:29:5-81
49-->[com.onesignal:notifications:5.1.29] AndroidManifest.xml:29:22-78
50    <!-- Samsung -->
51    <uses-permission android:name="com.sec.android.provider.badge.permission.READ" />
51-->[com.onesignal:notifications:5.1.29] AndroidManifest.xml:31:5-86
51-->[com.onesignal:notifications:5.1.29] AndroidManifest.xml:31:22-83
52    <uses-permission android:name="com.sec.android.provider.badge.permission.WRITE" /> <!-- HTC -->
52-->[com.onesignal:notifications:5.1.29] AndroidManifest.xml:32:5-87
52-->[com.onesignal:notifications:5.1.29] AndroidManifest.xml:32:22-84
53    <uses-permission android:name="com.htc.launcher.permission.READ_SETTINGS" />
53-->[com.onesignal:notifications:5.1.29] AndroidManifest.xml:33:5-81
53-->[com.onesignal:notifications:5.1.29] AndroidManifest.xml:33:22-78
54    <uses-permission android:name="com.htc.launcher.permission.UPDATE_SHORTCUT" /> <!-- Sony -->
54-->[com.onesignal:notifications:5.1.29] AndroidManifest.xml:34:5-83
54-->[com.onesignal:notifications:5.1.29] AndroidManifest.xml:34:22-80
55    <uses-permission android:name="com.sonyericsson.home.permission.BROADCAST_BADGE" />
55-->[com.onesignal:notifications:5.1.29] AndroidManifest.xml:35:5-88
55-->[com.onesignal:notifications:5.1.29] AndroidManifest.xml:35:22-85
56    <uses-permission android:name="com.sonymobile.home.permission.PROVIDER_INSERT_BADGE" /> <!-- Apex -->
56-->[com.onesignal:notifications:5.1.29] AndroidManifest.xml:36:5-92
56-->[com.onesignal:notifications:5.1.29] AndroidManifest.xml:36:22-89
57    <uses-permission android:name="com.anddoes.launcher.permission.UPDATE_COUNT" /> <!-- Solid -->
57-->[com.onesignal:notifications:5.1.29] AndroidManifest.xml:37:5-84
57-->[com.onesignal:notifications:5.1.29] AndroidManifest.xml:37:22-81
58    <uses-permission android:name="com.majeur.launcher.permission.UPDATE_BADGE" /> <!-- Huawei -->
58-->[com.onesignal:notifications:5.1.29] AndroidManifest.xml:38:5-83
58-->[com.onesignal:notifications:5.1.29] AndroidManifest.xml:38:22-80
59    <uses-permission android:name="com.huawei.android.launcher.permission.CHANGE_BADGE" />
59-->[com.onesignal:notifications:5.1.29] AndroidManifest.xml:39:5-91
59-->[com.onesignal:notifications:5.1.29] AndroidManifest.xml:39:22-88
60    <uses-permission android:name="com.huawei.android.launcher.permission.READ_SETTINGS" />
60-->[com.onesignal:notifications:5.1.29] AndroidManifest.xml:40:5-92
60-->[com.onesignal:notifications:5.1.29] AndroidManifest.xml:40:22-89
61    <uses-permission android:name="com.huawei.android.launcher.permission.WRITE_SETTINGS" /> <!-- ZUK -->
61-->[com.onesignal:notifications:5.1.29] AndroidManifest.xml:41:5-93
61-->[com.onesignal:notifications:5.1.29] AndroidManifest.xml:41:22-90
62    <uses-permission android:name="android.permission.READ_APP_BADGE" /> <!-- OPPO -->
62-->[com.onesignal:notifications:5.1.29] AndroidManifest.xml:42:5-73
62-->[com.onesignal:notifications:5.1.29] AndroidManifest.xml:42:22-70
63    <uses-permission android:name="com.oppo.launcher.permission.READ_SETTINGS" />
63-->[com.onesignal:notifications:5.1.29] AndroidManifest.xml:43:5-82
63-->[com.onesignal:notifications:5.1.29] AndroidManifest.xml:43:22-79
64    <uses-permission android:name="com.oppo.launcher.permission.WRITE_SETTINGS" /> <!-- EvMe -->
64-->[com.onesignal:notifications:5.1.29] AndroidManifest.xml:44:5-83
64-->[com.onesignal:notifications:5.1.29] AndroidManifest.xml:44:22-80
65    <uses-permission android:name="me.everything.badger.permission.BADGE_COUNT_READ" />
65-->[com.onesignal:notifications:5.1.29] AndroidManifest.xml:45:5-88
65-->[com.onesignal:notifications:5.1.29] AndroidManifest.xml:45:22-85
66    <uses-permission android:name="me.everything.badger.permission.BADGE_COUNT_WRITE" />
66-->[com.onesignal:notifications:5.1.29] AndroidManifest.xml:46:5-89
66-->[com.onesignal:notifications:5.1.29] AndroidManifest.xml:46:22-86
67    <uses-permission android:name="android.permission.ACCESS_NETWORK_STATE" />
67-->[com.onesignal:core:5.1.29] AndroidManifest.xml:10:5-79
67-->[com.onesignal:core:5.1.29] AndroidManifest.xml:10:22-76
68    <uses-permission android:name="android.permission.FOREGROUND_SERVICE" />
68-->[androidx.work:work-runtime:2.8.1] AndroidManifest.xml:26:5-77
68-->[androidx.work:work-runtime:2.8.1] AndroidManifest.xml:26:22-74
69
70    <permission
70-->[androidx.core:core:1.13.1] AndroidManifest.xml:22:5-24:47
71        android:name="com.example.pennyai.DYNAMIC_RECEIVER_NOT_EXPORTED_PERMISSION"
71-->[androidx.core:core:1.13.1] AndroidManifest.xml:23:9-81
72        android:protectionLevel="signature" />
72-->[androidx.core:core:1.13.1] AndroidManifest.xml:24:9-44
73
74    <uses-permission android:name="com.example.pennyai.DYNAMIC_RECEIVER_NOT_EXPORTED_PERMISSION" />
74-->[androidx.core:core:1.13.1] AndroidManifest.xml:26:5-97
74-->[androidx.core:core:1.13.1] AndroidManifest.xml:26:22-94
75
76    <application
77        android:name="android.app.Application"
78        android:appComponentFactory="androidx.core.app.CoreComponentFactory"
78-->[androidx.core:core:1.13.1] AndroidManifest.xml:28:18-86
79        android:debuggable="true"
80        android:extractNativeLibs="false"
81        android:icon="@mipmap/ic_launcher"
82        android:label="pennyai" >
83        <activity
84            android:name="com.example.pennyai.MainActivity"
85            android:configChanges="orientation|keyboardHidden|keyboard|screenSize|smallestScreenSize|locale|layoutDirection|fontScale|screenLayout|density|uiMode"
86            android:exported="true"
87            android:hardwareAccelerated="true"
88            android:launchMode="singleTop"
89            android:taskAffinity=""
90            android:theme="@style/LaunchTheme"
91            android:windowSoftInputMode="adjustResize" >
92
93            <!--
94                 Specifies an Android theme to apply to this Activity as soon as
95                 the Android process has started. This theme is visible to the user
96                 while the Flutter UI initializes. After that, this theme continues
97                 to determine the Window background behind the Flutter UI.
98            -->
99            <meta-data
100                android:name="io.flutter.embedding.android.NormalTheme"
101                android:resource="@style/NormalTheme" />
102
103            <intent-filter>
104                <action android:name="android.intent.action.MAIN" />
105
106                <category android:name="android.intent.category.LAUNCHER" />
107            </intent-filter>
108        </activity>
109        <!--
110             Don't delete the meta-data below.
111             This is used by the Flutter tool to generate GeneratedPluginRegistrant.java
112        -->
113        <meta-data
114            android:name="flutterEmbedding"
115            android:value="2" />
116
117        <receiver
117-->[com.onesignal:notifications:5.1.29] AndroidManifest.xml:49:9-60:20
118            android:name="com.onesignal.notifications.receivers.FCMBroadcastReceiver"
118-->[com.onesignal:notifications:5.1.29] AndroidManifest.xml:50:13-86
119            android:exported="true"
119-->[com.onesignal:notifications:5.1.29] AndroidManifest.xml:51:13-36
120            android:permission="com.google.android.c2dm.permission.SEND" >
120-->[com.onesignal:notifications:5.1.29] AndroidManifest.xml:52:13-73
121
122            <!-- High priority so OneSignal payloads can be filtered from other FCM receivers -->
123            <intent-filter android:priority="999" >
123-->[com.onesignal:notifications:5.1.29] AndroidManifest.xml:55:13-59:29
123-->[com.onesignal:notifications:5.1.29] AndroidManifest.xml:55:28-50
124                <action android:name="com.google.android.c2dm.intent.RECEIVE" />
124-->[com.onesignal:notifications:5.1.29] AndroidManifest.xml:56:17-81
124-->[com.onesignal:notifications:5.1.29] AndroidManifest.xml:56:25-78
125
126                <category android:name="com.example.pennyai" />
126-->[com.onesignal:notifications:5.1.29] AndroidManifest.xml:58:17-61
126-->[com.onesignal:notifications:5.1.29] AndroidManifest.xml:58:27-58
127            </intent-filter>
128        </receiver>
129
130        <service
130-->[com.onesignal:notifications:5.1.29] AndroidManifest.xml:62:9-68:19
131            android:name="com.onesignal.notifications.services.HmsMessageServiceOneSignal"
131-->[com.onesignal:notifications:5.1.29] AndroidManifest.xml:63:13-91
132            android:exported="false" >
132-->[com.onesignal:notifications:5.1.29] AndroidManifest.xml:64:13-37
133            <intent-filter>
133-->[com.onesignal:notifications:5.1.29] AndroidManifest.xml:65:13-67:29
134                <action android:name="com.huawei.push.action.MESSAGING_EVENT" />
134-->[com.onesignal:notifications:5.1.29] AndroidManifest.xml:66:17-81
134-->[com.onesignal:notifications:5.1.29] AndroidManifest.xml:66:25-78
135            </intent-filter>
136        </service> <!-- CAUTION: OneSignal backend includes the activity name in the payload, modifying the name without sync may result in notification click not firing -->
137        <activity
137-->[com.onesignal:notifications:5.1.29] AndroidManifest.xml:69:9-77:20
138            android:name="com.onesignal.NotificationOpenedActivityHMS"
138-->[com.onesignal:notifications:5.1.29] AndroidManifest.xml:70:13-71
139            android:exported="true"
139-->[com.onesignal:notifications:5.1.29] AndroidManifest.xml:71:13-36
140            android:noHistory="true"
140-->[com.onesignal:notifications:5.1.29] AndroidManifest.xml:72:13-37
141            android:theme="@android:style/Theme.Translucent.NoTitleBar" >
141-->[com.onesignal:notifications:5.1.29] AndroidManifest.xml:73:13-72
142            <intent-filter>
142-->[com.onesignal:notifications:5.1.29] AndroidManifest.xml:74:13-76:29
143                <action android:name="android.intent.action.VIEW" />
143-->[com.onesignal:notifications:5.1.29] AndroidManifest.xml:75:17-69
143-->[com.onesignal:notifications:5.1.29] AndroidManifest.xml:75:25-66
144            </intent-filter>
145        </activity>
146
147        <receiver
147-->[com.onesignal:notifications:5.1.29] AndroidManifest.xml:79:9-81:39
148            android:name="com.onesignal.notifications.receivers.NotificationDismissReceiver"
148-->[com.onesignal:notifications:5.1.29] AndroidManifest.xml:80:13-93
149            android:exported="true" />
149-->[com.onesignal:notifications:5.1.29] AndroidManifest.xml:81:13-36
150        <receiver
150-->[com.onesignal:notifications:5.1.29] AndroidManifest.xml:82:9-89:20
151            android:name="com.onesignal.notifications.receivers.BootUpReceiver"
151-->[com.onesignal:notifications:5.1.29] AndroidManifest.xml:83:13-80
152            android:exported="true" >
152-->[com.onesignal:notifications:5.1.29] AndroidManifest.xml:84:13-36
153            <intent-filter>
153-->[com.onesignal:notifications:5.1.29] AndroidManifest.xml:85:13-88:29
154                <action android:name="android.intent.action.BOOT_COMPLETED" />
154-->[com.onesignal:notifications:5.1.29] AndroidManifest.xml:86:17-79
154-->[com.onesignal:notifications:5.1.29] AndroidManifest.xml:86:25-76
155                <action android:name="android.intent.action.QUICKBOOT_POWERON" />
155-->[com.onesignal:notifications:5.1.29] AndroidManifest.xml:87:17-82
155-->[com.onesignal:notifications:5.1.29] AndroidManifest.xml:87:25-79
156            </intent-filter>
157        </receiver>
158        <receiver
158-->[com.onesignal:notifications:5.1.29] AndroidManifest.xml:90:9-96:20
159            android:name="com.onesignal.notifications.receivers.UpgradeReceiver"
159-->[com.onesignal:notifications:5.1.29] AndroidManifest.xml:91:13-81
160            android:exported="true" >
160-->[com.onesignal:notifications:5.1.29] AndroidManifest.xml:92:13-36
161            <intent-filter>
161-->[com.onesignal:notifications:5.1.29] AndroidManifest.xml:93:13-95:29
162                <action android:name="android.intent.action.MY_PACKAGE_REPLACED" />
162-->[com.onesignal:notifications:5.1.29] AndroidManifest.xml:94:17-84
162-->[com.onesignal:notifications:5.1.29] AndroidManifest.xml:94:25-81
163            </intent-filter>
164        </receiver>
165
166        <activity
166-->[com.onesignal:notifications:5.1.29] AndroidManifest.xml:98:9-104:75
167            android:name="com.onesignal.notifications.activities.NotificationOpenedActivity"
167-->[com.onesignal:notifications:5.1.29] AndroidManifest.xml:99:13-93
168            android:excludeFromRecents="true"
168-->[com.onesignal:notifications:5.1.29] AndroidManifest.xml:100:13-46
169            android:exported="true"
169-->[com.onesignal:notifications:5.1.29] AndroidManifest.xml:101:13-36
170            android:noHistory="true"
170-->[com.onesignal:notifications:5.1.29] AndroidManifest.xml:102:13-37
171            android:taskAffinity=""
171-->[com.onesignal:notifications:5.1.29] AndroidManifest.xml:103:13-36
172            android:theme="@android:style/Theme.Translucent.NoTitleBar" />
172-->[com.onesignal:notifications:5.1.29] AndroidManifest.xml:104:13-72
173        <activity
173-->[com.onesignal:notifications:5.1.29] AndroidManifest.xml:105:9-110:75
174            android:name="com.onesignal.notifications.activities.NotificationOpenedActivityAndroid22AndOlder"
174-->[com.onesignal:notifications:5.1.29] AndroidManifest.xml:106:13-110
175            android:excludeFromRecents="true"
175-->[com.onesignal:notifications:5.1.29] AndroidManifest.xml:107:13-46
176            android:exported="true"
176-->[com.onesignal:notifications:5.1.29] AndroidManifest.xml:108:13-36
177            android:noHistory="true"
177-->[com.onesignal:notifications:5.1.29] AndroidManifest.xml:109:13-37
178            android:theme="@android:style/Theme.Translucent.NoTitleBar" />
178-->[com.onesignal:notifications:5.1.29] AndroidManifest.xml:110:13-72
179
180        <service
180-->[com.onesignal:core:5.1.29] AndroidManifest.xml:13:9-16:72
181            android:name="com.onesignal.core.services.SyncJobService"
181-->[com.onesignal:core:5.1.29] AndroidManifest.xml:14:13-70
182            android:exported="false"
182-->[com.onesignal:core:5.1.29] AndroidManifest.xml:15:13-37
183            android:permission="android.permission.BIND_JOB_SERVICE" />
183-->[com.onesignal:core:5.1.29] AndroidManifest.xml:16:13-69
184
185        <activity
185-->[com.onesignal:core:5.1.29] AndroidManifest.xml:18:9-21:75
186            android:name="com.onesignal.core.activities.PermissionsActivity"
186-->[com.onesignal:core:5.1.29] AndroidManifest.xml:19:13-77
187            android:exported="false"
187-->[com.onesignal:core:5.1.29] AndroidManifest.xml:20:13-37
188            android:theme="@android:style/Theme.Translucent.NoTitleBar" />
188-->[com.onesignal:core:5.1.29] AndroidManifest.xml:21:13-72
189
190        <receiver
190-->[com.google.firebase:firebase-messaging:23.4.0] AndroidManifest.xml:29:9-40:20
191            android:name="com.google.firebase.iid.FirebaseInstanceIdReceiver"
191-->[com.google.firebase:firebase-messaging:23.4.0] AndroidManifest.xml:30:13-78
192            android:exported="true"
192-->[com.google.firebase:firebase-messaging:23.4.0] AndroidManifest.xml:31:13-36
193            android:permission="com.google.android.c2dm.permission.SEND" >
193-->[com.google.firebase:firebase-messaging:23.4.0] AndroidManifest.xml:32:13-73
194            <intent-filter>
194-->[com.google.firebase:firebase-messaging:23.4.0] AndroidManifest.xml:33:13-35:29
195                <action android:name="com.google.android.c2dm.intent.RECEIVE" />
195-->[com.onesignal:notifications:5.1.29] AndroidManifest.xml:56:17-81
195-->[com.onesignal:notifications:5.1.29] AndroidManifest.xml:56:25-78
196            </intent-filter>
197
198            <meta-data
198-->[com.google.firebase:firebase-messaging:23.4.0] AndroidManifest.xml:37:13-39:40
199                android:name="com.google.android.gms.cloudmessaging.FINISHED_AFTER_HANDLED"
199-->[com.google.firebase:firebase-messaging:23.4.0] AndroidManifest.xml:38:17-92
200                android:value="true" />
200-->[com.google.firebase:firebase-messaging:23.4.0] AndroidManifest.xml:39:17-37
201        </receiver>
202        <!--
203             FirebaseMessagingService performs security checks at runtime,
204             but set to not exported to explicitly avoid allowing another app to call it.
205        -->
206        <service
206-->[com.google.firebase:firebase-messaging:23.4.0] AndroidManifest.xml:46:9-53:19
207            android:name="com.google.firebase.messaging.FirebaseMessagingService"
207-->[com.google.firebase:firebase-messaging:23.4.0] AndroidManifest.xml:47:13-82
208            android:directBootAware="true"
208-->[com.google.firebase:firebase-messaging:23.4.0] AndroidManifest.xml:48:13-43
209            android:exported="false" >
209-->[com.google.firebase:firebase-messaging:23.4.0] AndroidManifest.xml:49:13-37
210            <intent-filter android:priority="-500" >
210-->[com.google.firebase:firebase-messaging:23.4.0] AndroidManifest.xml:50:13-52:29
210-->[com.google.firebase:firebase-messaging:23.4.0] AndroidManifest.xml:50:28-51
211                <action android:name="com.google.firebase.MESSAGING_EVENT" />
211-->[com.google.firebase:firebase-messaging:23.4.0] AndroidManifest.xml:51:17-78
211-->[com.google.firebase:firebase-messaging:23.4.0] AndroidManifest.xml:51:25-75
212            </intent-filter>
213        </service>
214        <service
214-->[com.google.firebase:firebase-messaging:23.4.0] AndroidManifest.xml:54:9-63:19
215            android:name="com.google.firebase.components.ComponentDiscoveryService"
215-->[com.google.firebase:firebase-messaging:23.4.0] AndroidManifest.xml:55:13-84
216            android:directBootAware="true"
216-->[com.google.firebase:firebase-common:20.4.2] AndroidManifest.xml:32:13-43
217            android:exported="false" >
217-->[com.google.firebase:firebase-messaging:23.4.0] AndroidManifest.xml:56:13-37
218            <meta-data
218-->[com.google.firebase:firebase-messaging:23.4.0] AndroidManifest.xml:57:13-59:85
219                android:name="com.google.firebase.components:com.google.firebase.messaging.FirebaseMessagingKtxRegistrar"
219-->[com.google.firebase:firebase-messaging:23.4.0] AndroidManifest.xml:58:17-122
220                android:value="com.google.firebase.components.ComponentRegistrar" />
220-->[com.google.firebase:firebase-messaging:23.4.0] AndroidManifest.xml:59:17-82
221            <meta-data
221-->[com.google.firebase:firebase-messaging:23.4.0] AndroidManifest.xml:60:13-62:85
222                android:name="com.google.firebase.components:com.google.firebase.messaging.FirebaseMessagingRegistrar"
222-->[com.google.firebase:firebase-messaging:23.4.0] AndroidManifest.xml:61:17-119
223                android:value="com.google.firebase.components.ComponentRegistrar" />
223-->[com.google.firebase:firebase-messaging:23.4.0] AndroidManifest.xml:62:17-82
224            <meta-data
224-->[com.google.firebase:firebase-installations:17.2.0] AndroidManifest.xml:15:13-17:85
225                android:name="com.google.firebase.components:com.google.firebase.installations.FirebaseInstallationsKtxRegistrar"
225-->[com.google.firebase:firebase-installations:17.2.0] AndroidManifest.xml:16:17-130
226                android:value="com.google.firebase.components.ComponentRegistrar" />
226-->[com.google.firebase:firebase-installations:17.2.0] AndroidManifest.xml:17:17-82
227            <meta-data
227-->[com.google.firebase:firebase-installations:17.2.0] AndroidManifest.xml:18:13-20:85
228                android:name="com.google.firebase.components:com.google.firebase.installations.FirebaseInstallationsRegistrar"
228-->[com.google.firebase:firebase-installations:17.2.0] AndroidManifest.xml:19:17-127
229                android:value="com.google.firebase.components.ComponentRegistrar" />
229-->[com.google.firebase:firebase-installations:17.2.0] AndroidManifest.xml:20:17-82
230            <meta-data
230-->[com.google.firebase:firebase-common-ktx:20.4.2] AndroidManifest.xml:12:13-14:85
231                android:name="com.google.firebase.components:com.google.firebase.ktx.FirebaseCommonLegacyRegistrar"
231-->[com.google.firebase:firebase-common-ktx:20.4.2] AndroidManifest.xml:13:17-116
232                android:value="com.google.firebase.components.ComponentRegistrar" />
232-->[com.google.firebase:firebase-common-ktx:20.4.2] AndroidManifest.xml:14:17-82
233            <meta-data
233-->[com.google.firebase:firebase-common:20.4.2] AndroidManifest.xml:35:13-37:85
234                android:name="com.google.firebase.components:com.google.firebase.FirebaseCommonKtxRegistrar"
234-->[com.google.firebase:firebase-common:20.4.2] AndroidManifest.xml:36:17-109
235                android:value="com.google.firebase.components.ComponentRegistrar" />
235-->[com.google.firebase:firebase-common:20.4.2] AndroidManifest.xml:37:17-82
236            <meta-data
236-->[com.google.firebase:firebase-datatransport:18.1.7] AndroidManifest.xml:27:13-29:85
237                android:name="com.google.firebase.components:com.google.firebase.datatransport.TransportRegistrar"
237-->[com.google.firebase:firebase-datatransport:18.1.7] AndroidManifest.xml:28:17-115
238                android:value="com.google.firebase.components.ComponentRegistrar" />
238-->[com.google.firebase:firebase-datatransport:18.1.7] AndroidManifest.xml:29:17-82
239        </service>
240
241        <activity
241-->[com.google.android.gms:play-services-base:18.0.1] AndroidManifest.xml:20:9-22:45
242            android:name="com.google.android.gms.common.api.GoogleApiActivity"
242-->[com.google.android.gms:play-services-base:18.0.1] AndroidManifest.xml:20:19-85
243            android:exported="false"
243-->[com.google.android.gms:play-services-base:18.0.1] AndroidManifest.xml:22:19-43
244            android:theme="@android:style/Theme.Translucent.NoTitleBar" />
244-->[com.google.android.gms:play-services-base:18.0.1] AndroidManifest.xml:21:19-78
245
246        <provider
246-->[com.google.firebase:firebase-common:20.4.2] AndroidManifest.xml:23:9-28:39
247            android:name="com.google.firebase.provider.FirebaseInitProvider"
247-->[com.google.firebase:firebase-common:20.4.2] AndroidManifest.xml:24:13-77
248            android:authorities="com.example.pennyai.firebaseinitprovider"
248-->[com.google.firebase:firebase-common:20.4.2] AndroidManifest.xml:25:13-72
249            android:directBootAware="true"
249-->[com.google.firebase:firebase-common:20.4.2] AndroidManifest.xml:26:13-43
250            android:exported="false"
250-->[com.google.firebase:firebase-common:20.4.2] AndroidManifest.xml:27:13-37
251            android:initOrder="100" />
251-->[com.google.firebase:firebase-common:20.4.2] AndroidManifest.xml:28:13-36
252
253        <uses-library
253-->[androidx.window:window:1.2.0] AndroidManifest.xml:23:9-25:40
254            android:name="androidx.window.extensions"
254-->[androidx.window:window:1.2.0] AndroidManifest.xml:24:13-54
255            android:required="false" />
255-->[androidx.window:window:1.2.0] AndroidManifest.xml:25:13-37
256        <uses-library
256-->[androidx.window:window:1.2.0] AndroidManifest.xml:26:9-28:40
257            android:name="androidx.window.sidecar"
257-->[androidx.window:window:1.2.0] AndroidManifest.xml:27:13-51
258            android:required="false" />
258-->[androidx.window:window:1.2.0] AndroidManifest.xml:28:13-37
259
260        <provider
260-->[androidx.work:work-runtime:2.8.1] AndroidManifest.xml:29:9-37:20
261            android:name="androidx.startup.InitializationProvider"
261-->[androidx.work:work-runtime:2.8.1] AndroidManifest.xml:30:13-67
262            android:authorities="com.example.pennyai.androidx-startup"
262-->[androidx.work:work-runtime:2.8.1] AndroidManifest.xml:31:13-68
263            android:exported="false" >
263-->[androidx.work:work-runtime:2.8.1] AndroidManifest.xml:32:13-37
264            <meta-data
264-->[androidx.work:work-runtime:2.8.1] AndroidManifest.xml:34:13-36:52
265                android:name="androidx.work.WorkManagerInitializer"
265-->[androidx.work:work-runtime:2.8.1] AndroidManifest.xml:35:17-68
266                android:value="androidx.startup" />
266-->[androidx.work:work-runtime:2.8.1] AndroidManifest.xml:36:17-49
267            <meta-data
267-->[androidx.lifecycle:lifecycle-process:2.7.0] AndroidManifest.xml:29:13-31:52
268                android:name="androidx.lifecycle.ProcessLifecycleInitializer"
268-->[androidx.lifecycle:lifecycle-process:2.7.0] AndroidManifest.xml:30:17-78
269                android:value="androidx.startup" />
269-->[androidx.lifecycle:lifecycle-process:2.7.0] AndroidManifest.xml:31:17-49
270            <meta-data
270-->[androidx.profileinstaller:profileinstaller:1.3.1] AndroidManifest.xml:29:13-31:52
271                android:name="androidx.profileinstaller.ProfileInstallerInitializer"
271-->[androidx.profileinstaller:profileinstaller:1.3.1] AndroidManifest.xml:30:17-85
272                android:value="androidx.startup" />
272-->[androidx.profileinstaller:profileinstaller:1.3.1] AndroidManifest.xml:31:17-49
273        </provider>
274
275        <service
275-->[androidx.work:work-runtime:2.8.1] AndroidManifest.xml:39:9-45:35
276            android:name="androidx.work.impl.background.systemalarm.SystemAlarmService"
276-->[androidx.work:work-runtime:2.8.1] AndroidManifest.xml:40:13-88
277            android:directBootAware="false"
277-->[androidx.work:work-runtime:2.8.1] AndroidManifest.xml:41:13-44
278            android:enabled="@bool/enable_system_alarm_service_default"
278-->[androidx.work:work-runtime:2.8.1] AndroidManifest.xml:42:13-72
279            android:exported="false" />
279-->[androidx.work:work-runtime:2.8.1] AndroidManifest.xml:43:13-37
280        <service
280-->[androidx.work:work-runtime:2.8.1] AndroidManifest.xml:46:9-52:35
281            android:name="androidx.work.impl.background.systemjob.SystemJobService"